<?xml version="1.0" encoding="UTF-8"?>
<testsuite xmlns:xsi="http://www.w3.org/2001/XMLSchema-instance" xsi:noNamespaceSchemaLocation="https://maven.apache.org/surefire/maven-surefire-plugin/xsd/surefire-test-report-3.0.xsd" version="3.0" name="ch.hslu.appe.entities.OrderPositionTest" time="0" tests="1" errors="0" skipped="0" failures="0">
  <properties>
    <property name="java.specification.version" value="13"/>
    <property name="sun.jnu.encoding" value="UTF-8"/>
    <property name="java.class.path" value="/Users/fred/.m2/repository/org/apache/maven/surefire/surefire-booter/3.0.0-M3/surefire-booter-3.0.0-M3.jar:/Users/fred/.m2/repository/org/apache/maven/surefire/surefire-api/3.0.0-M3/surefire-api-3.0.0-M3.jar:/Users/fred/.m2/repository/org/apache/maven/surefire/surefire-logger-api/3.0.0-M3/surefire-logger-api-3.0.0-M3.jar:/Users/fred/Projects/g03-ordermanagement/target/test-classes:/Users/fred/Projects/g03-ordermanagement/target/classes:/Users/fred/.m2/repository/org/powermock/powermock-module-junit4/2.0.0/powermock-module-junit4-2.0.0.jar:/Users/fred/.m2/repository/org/powermock/powermock-module-junit4-common/2.0.0/powermock-module-junit4-common-2.0.0.jar:/Users/fred/.m2/repository/org/powermock/powermock-reflect/2.0.0/powermock-reflect-2.0.0.jar:/Users/fred/.m2/repository/org/powermock/powermock-core/2.0.0/powermock-core-2.0.0.jar:/Users/fred/.m2/repository/org/javassist/javassist/3.24.0-GA/javassist-3.24.0-GA.jar:/Users/fred/.m2/repository/junit/junit/4.12/junit-4.12.jar:/Users/fred/.m2/repository/org/hamcrest/hamcrest-core/1.3/hamcrest-core-1.3.jar:/Users/fred/.m2/repository/ch/qos/logback/logback-classic/1.2.3/logback-classic-1.2.3.jar:/Users/fred/.m2/repository/ch/qos/logback/logback-core/1.2.3/logback-core-1.2.3.jar:/Users/fred/.m2/repository/org/slf4j/slf4j-api/1.7.25/slf4j-api-1.7.25.jar:/Users/fred/.m2/repository/io/logz/logback/logzio-logback-appender/1.0.24/logzio-logback-appender-1.0.24.jar:/Users/fred/.m2/repository/io/logz/sender/logzio-sender/1.1.1/logzio-sender-1.1.1.jar:/Users/fred/.m2/repository/com/google/guava/guava/25.0-jre/guava-25.0-jre.jar:/Users/fred/.m2/repository/com/google/code/findbugs/jsr305/1.3.9/jsr305-1.3.9.jar:/Users/fred/.m2/repository/org/checkerframework/checker-compat-qual/2.0.0/checker-compat-qual-2.0.0.jar:/Users/fred/.m2/repository/com/google/errorprone/error_prone_annotations/2.1.3/error_prone_annotations-2.1.3.jar:/Users/fred/.m2/repository/com/google/j2objc/j2objc-annotations/1.1/j2objc-annotations-1.1.jar:/Users/fred/.m2/repository/org/codehaus/mojo/animal-sniffer-annotations/1.14/animal-sniffer-annotations-1.14.jar:/Users/fred/.m2/repository/org/powermock/powermock-api-mockito2/2.0.0/powermock-api-mockito2-2.0.0.jar:/Users/fred/.m2/repository/org/powermock/powermock-api-support/2.0.0/powermock-api-support-2.0.0.jar:/Users/fred/.m2/repository/com/rabbitmq/amqp-client/5.8.0/amqp-client-5.8.0.jar:/Users/fred/.m2/repository/com/fasterxml/jackson/core/jackson-databind/2.10.2/jackson-databind-2.10.2.jar:/Users/fred/.m2/repository/com/fasterxml/jackson/core/jackson-annotations/2.10.2/jackson-annotations-2.10.2.jar:/Users/fred/.m2/repository/com/fasterxml/jackson/core/jackson-core/2.10.2/jackson-core-2.10.2.jar:/Users/fred/.m2/repository/org/apache/logging/log4j/log4j-api/2.13.1/log4j-api-2.13.1.jar:/Users/fred/.m2/repository/org/apache/logging/log4j/log4j-core/2.13.1/log4j-core-2.13.1.jar:/Users/fred/.m2/repository/org/apache/logging/log4j/log4j-slf4j-impl/2.13.1/log4j-slf4j-impl-2.13.1.jar:/Users/fred/.m2/repository/io/logz/log4j2/logzio-log4j2-appender/1.0.12/logzio-log4j2-appender-1.0.12.jar:/Users/fred/.m2/repository/org/junit/jupiter/junit-jupiter-api/5.6.0/junit-jupiter-api-5.6.0.jar:/Users/fred/.m2/repository/org/apiguardian/apiguardian-api/1.1.0/apiguardian-api-1.1.0.jar:/Users/fred/.m2/repository/org/opentest4j/opentest4j/1.2.0/opentest4j-1.2.0.jar:/Users/fred/.m2/repository/org/junit/platform/junit-platform-commons/1.6.0/junit-platform-commons-1.6.0.jar:/Users/fred/.m2/repository/org/junit/jupiter/junit-jupiter-engine/5.6.0/junit-jupiter-engine-5.6.0.jar:/Users/fred/.m2/repository/org/junit/platform/junit-platform-engine/1.6.0/junit-platform-engine-1.6.0.jar:/Users/fred/.m2/repository/org/assertj/assertj-core/3.15.0/assertj-core-3.15.0.jar:/Users/fred/.m2/repository/org/junit-pioneer/junit-pioneer/0.5.4/junit-pioneer-0.5.4.jar:/Users/fred/.m2/repository/org/junit/jupiter/junit-jupiter-params/5.3.2/junit-jupiter-params-5.3.2.jar:/Users/fred/.m2/repository/nl/jqno/equalsverifier/equalsverifier/3.1.12/equalsverifier-3.1.12.jar:/Users/fred/.m2/repository/org/mongodb/bson/4.0.1/bson-4.0.1.jar:/Users/fred/.m2/repository/org/mongodb/mongo-java-driver/3.4.3/mongo-java-driver-3.4.3.jar:/Users/fred/.m2/repository/javax/servlet/javax.servlet-api/3.1.0/javax.servlet-api-3.1.0.jar:/Users/fred/.m2/repository/javax/servlet/servlet-api/2.5/servlet-api-2.5.jar:/Users/fred/.m2/repository/org/mockito/mockito-core/3.2.0/mockito-core-3.2.0.jar:/Users/fred/.m2/repository/net/bytebuddy/byte-buddy/1.10.3/byte-buddy-1.10.3.jar:/Users/fred/.m2/repository/net/bytebuddy/byte-buddy-agent/1.10.3/byte-buddy-agent-1.10.3.jar:/Users/fred/.m2/repository/org/objenesis/objenesis/2.6/objenesis-2.6.jar:/Users/fred/.m2/repository/org/apache/maven/surefire/surefire-junit-platform/3.0.0-M3/surefire-junit-platform-3.0.0-M3.jar:/Users/fred/.m2/repository/org/apache/maven/surefire/common-java5/3.0.0-M3/common-java5-3.0.0-M3.jar:/Users/fred/.m2/repository/org/junit/platform/junit-platform-launcher/1.3.1/junit-platform-launcher-1.3.1.jar"/>
    <property name="java.vm.vendor" value="Oracle Corporation"/>
    <property name="sun.arch.data.model" value="64"/>
    <property name="java.vendor.url" value="https://openjdk.java.net/"/>
    <property name="os.name" value="Mac OS X"/>
    <property name="java.vm.specification.version" value="13"/>
    <property name="sun.java.launcher" value="SUN_STANDARD"/>
    <property name="user.country" value="CH"/>
    <property name="sun.boot.library.path" value="/usr/local/Cellar/openjdk/13.0.2+8_2/libexec/openjdk.jdk/Contents/Home/lib"/>
    <property name="sun.java.command" value="org.apache.maven.surefire.booter.ForkedBooter /Users/fred/Projects/g03-ordermanagement/target/surefire 2020-05-25T15-42-17_722-jvmRun1 surefire1423920217693588833tmp surefire_07772802361124853103tmp"/>
    <property name="jdk.debug" value="release"/>
    <property name="surefire.test.class.path" value="/Users/fred/Projects/g03-ordermanagement/target/test-classes:/Users/fred/Projects/g03-ordermanagement/target/classes:/Users/fred/.m2/repository/org/powermock/powermock-module-junit4/2.0.0/powermock-module-junit4-2.0.0.jar:/Users/fred/.m2/repository/org/powermock/powermock-module-junit4-common/2.0.0/powermock-module-junit4-common-2.0.0.jar:/Users/fred/.m2/repository/org/powermock/powermock-reflect/2.0.0/powermock-reflect-2.0.0.jar:/Users/fred/.m2/repository/org/powermock/powermock-core/2.0.0/powermock-core-2.0.0.jar:/Users/fred/.m2/repository/org/javassist/javassist/3.24.0-GA/javassist-3.24.0-GA.jar:/Users/fred/.m2/repository/junit/junit/4.12/junit-4.12.jar:/Users/fred/.m2/repository/org/hamcrest/hamcrest-core/1.3/hamcrest-core-1.3.jar:/Users/fred/.m2/repository/ch/qos/logback/logback-classic/1.2.3/logback-classic-1.2.3.jar:/Users/fred/.m2/repository/ch/qos/logback/logback-core/1.2.3/logback-core-1.2.3.jar:/Users/fred/.m2/repository/org/slf4j/slf4j-api/1.7.25/slf4j-api-1.7.25.jar:/Users/fred/.m2/repository/io/logz/logback/logzio-logback-appender/1.0.24/logzio-logback-appender-1.0.24.jar:/Users/fred/.m2/repository/io/logz/sender/logzio-sender/1.1.1/logzio-sender-1.1.1.jar:/Users/fred/.m2/repository/com/google/guava/guava/25.0-jre/guava-25.0-jre.jar:/Users/fred/.m2/repository/com/google/code/findbugs/jsr305/1.3.9/jsr305-1.3.9.jar:/Users/fred/.m2/repository/org/checkerframework/checker-compat-qual/2.0.0/checker-compat-qual-2.0.0.jar:/Users/fred/.m2/repository/com/google/errorprone/error_prone_annotations/2.1.3/error_prone_annotations-2.1.3.jar:/Users/fred/.m2/repository/com/google/j2objc/j2objc-annotations/1.1/j2objc-annotations-1.1.jar:/Users/fred/.m2/repository/org/codehaus/mojo/animal-sniffer-annotations/1.14/animal-sniffer-annotations-1.14.jar:/Users/fred/.m2/repository/org/powermock/powermock-api-mockito2/2.0.0/powermock-api-mockito2-2.0.0.jar:/Users/fred/.m2/repository/org/powermock/powermock-api-support/2.0.0/powermock-api-support-2.0.0.jar:/Users/fred/.m2/repository/com/rabbitmq/amqp-client/5.8.0/amqp-client-5.8.0.jar:/Users/fred/.m2/repository/com/fasterxml/jackson/core/jackson-databind/2.10.2/jackson-databind-2.10.2.jar:/Users/fred/.m2/repository/com/fasterxml/jackson/core/jackson-annotations/2.10.2/jackson-annotations-2.10.2.jar:/Users/fred/.m2/repository/com/fasterxml/jackson/core/jackson-core/2.10.2/jackson-core-2.10.2.jar:/Users/fred/.m2/repository/org/apache/logging/log4j/log4j-api/2.13.1/log4j-api-2.13.1.jar:/Users/fred/.m2/repository/org/apache/logging/log4j/log4j-core/2.13.1/log4j-core-2.13.1.jar:/Users/fred/.m2/repository/org/apache/logging/log4j/log4j-slf4j-impl/2.13.1/log4j-slf4j-impl-2.13.1.jar:/Users/fred/.m2/repository/io/logz/log4j2/logzio-log4j2-appender/1.0.12/logzio-log4j2-appender-1.0.12.jar:/Users/fred/.m2/repository/org/junit/jupiter/junit-jupiter-api/5.6.0/junit-jupiter-api-5.6.0.jar:/Users/fred/.m2/repository/org/apiguardian/apiguardian-api/1.1.0/apiguardian-api-1.1.0.jar:/Users/fred/.m2/repository/org/opentest4j/opentest4j/1.2.0/opentest4j-1.2.0.jar:/Users/fred/.m2/repository/org/junit/platform/junit-platform-commons/1.6.0/junit-platform-commons-1.6.0.jar:/Users/fred/.m2/repository/org/junit/jupiter/junit-jupiter-engine/5.6.0/junit-jupiter-engine-5.6.0.jar:/Users/fred/.m2/repository/org/junit/platform/junit-platform-engine/1.6.0/junit-platform-engine-1.6.0.jar:/Users/fred/.m2/repository/org/assertj/assertj-core/3.15.0/assertj-core-3.15.0.jar:/Users/fred/.m2/repository/org/junit-pioneer/junit-pioneer/0.5.4/junit-pioneer-0.5.4.jar:/Users/fred/.m2/repository/org/junit/jupiter/junit-jupiter-params/5.3.2/junit-jupiter-params-5.3.2.jar:/Users/fred/.m2/repository/nl/jqno/equalsverifier/equalsverifier/3.1.12/equalsverifier-3.1.12.jar:/Users/fred/.m2/repository/org/mongodb/bson/4.0.1/bson-4.0.1.jar:/Users/fred/.m2/repository/org/mongodb/mongo-java-driver/3.4.3/mongo-java-driver-3.4.3.jar:/Users/fred/.m2/repository/javax/servlet/javax.servlet-api/3.1.0/javax.servlet-api-3.1.0.jar:/Users/fred/.m2/repository/javax/servlet/servlet-api/2.5/servlet-api-2.5.jar:/Users/fred/.m2/repository/org/mockito/mockito-core/3.2.0/mockito-core-3.2.0.jar:/Users/fred/.m2/repository/net/bytebuddy/byte-buddy/1.10.3/byte-buddy-1.10.3.jar:/Users/fred/.m2/repository/net/bytebuddy/byte-buddy-agent/1.10.3/byte-buddy-agent-1.10.3.jar:/Users/fred/.m2/repository/org/objenesis/objenesis/2.6/objenesis-2.6.jar:"/>
    <property name="sun.cpu.endian" value="little"/>
    <property name="user.home" value="/Users/fred"/>
    <property name="user.language" value="de"/>
    <property name="java.specification.vendor" value="Oracle Corporation"/>
    <property name="java.version.date" value="2020-01-14"/>
    <property name="java.home" value="/usr/local/Cellar/openjdk/13.0.2+8_2/libexec/openjdk.jdk/Contents/Home"/>
    <property name="file.separator" value="/"/>
    <property name="basedir" value="/Users/fred/Projects/g03-ordermanagement"/>
    <property name="java.vm.compressedOopsMode" value="Zero based"/>
    <property name="line.separator" value="&#10;"/>
    <property name="java.vm.specification.vendor" value="Oracle Corporation"/>
    <property name="java.specification.name" value="Java Platform API Specification"/>
    <property name="sun.management.compiler" value="HotSpot 64-Bit Tiered Compilers"/>
    <property name="java.runtime.version" value="13.0.2+8"/>
    <property name="user.name" value="fred"/>
    <property name="path.separator" value=":"/>
    <property name="os.version" value="10.15.4"/>
    <property name="java.runtime.name" value="OpenJDK Runtime Environment"/>
    <property name="file.encoding" value="UTF-8"/>
    <property name="deployAtEnd" value="true"/>
    <property name="java.vm.name" value="OpenJDK 64-Bit Server VM"/>
    <property name="localRepository" value="/Users/fred/.m2/repository"/>
    <property name="java.vendor.url.bug" value="https://bugreport.java.com/bugreport/"/>
    <property name="java.io.tmpdir" value="/var/folders/2r/j1hjcvk97rx5l8yzlf58g6yw0000gn/T/"/>
    <property name="installAtEnd" value="true"/>
    <property name="java.version" value="13.0.2"/>
    <property name="user.dir" value="/Users/fred/Projects/g03-ordermanagement"/>
    <property name="os.arch" value="x86_64"/>
    <property name="java.vm.specification.name" value="Java Virtual Machine Specification"/>
    <property name="java.library.path" value="/Users/fred/Library/Java/Extensions:/Library/Java/Extensions:/Network/Library/Java/Extensions:/System/Library/Java/Extensions:/usr/lib/java:."/>
    <property name="java.vm.info" value="mixed mode, sharing"/>
    <property name="java.vendor" value="N/A"/>
    <property name="java.vm.version" value="13.0.2+8"/>
    <property name="sun.io.unicode.encoding" value="UnicodeBig"/>
    <property name="java.class.version" value="57.0"/>
  </properties>
  <testcase name="testConstructor" classname="ch.hslu.appe.entities.OrderPositionTest" time="0"/>
</testsuite>