<?xml version="1.0" encoding="UTF-8"?>
<testsuite xmlns:xsi="http://www.w3.org/2001/XMLSchema-instance" xsi:noNamespaceSchemaLocation="https://maven.apache.org/surefire/maven-failsafe-plugin/xsd/failsafe-test-report-3.0.xsd" version="3.0" name="ch.hslu.appe.entities.CustomerCrudToMongoDbTestIT" time="21.366" tests="0" errors="0" skipped="0" failures="0">
  <properties>
    <property name="java.specification.version" value="13"/>
    <property name="sun.jnu.encoding" value="UTF-8"/>
    <property name="java.class.path" value="/Users/fred/.m2/repository/org/apache/maven/surefire/surefire-booter/3.0.0-M4/surefire-booter-3.0.0-M4.jar:/Users/fred/.m2/repository/org/apache/maven/surefire/surefire-api/3.0.0-M4/surefire-api-3.0.0-M4.jar:/Users/fred/.m2/repository/org/apache/maven/surefire/surefire-logger-api/3.0.0-M4/surefire-logger-api-3.0.0-M4.jar:/Users/fred/Projects/g03-customermanagement/target/test-classes:/Users/fred/Projects/g03-customermanagement/target/g03-customerservice-1.0.0-SNAPSHOT.jar:/Users/fred/.m2/repository/io/micronaut/configuration/micronaut-rabbitmq/1.1.3/micronaut-rabbitmq-1.1.3.jar:/Users/fred/.m2/repository/io/micronaut/micronaut-messaging/1.3.2/micronaut-messaging-1.3.2.jar:/Users/fred/.m2/repository/ch/qos/logback/logback-classic/1.2.3/logback-classic-1.2.3.jar:/Users/fred/.m2/repository/ch/qos/logback/logback-core/1.2.3/logback-core-1.2.3.jar:/Users/fred/.m2/repository/org/slf4j/slf4j-api/1.7.26/slf4j-api-1.7.26.jar:/Users/fred/.m2/repository/io/logz/logback/logzio-logback-appender/1.0.24/logzio-logback-appender-1.0.24.jar:/Users/fred/.m2/repository/io/logz/sender/logzio-sender/1.1.1/logzio-sender-1.1.1.jar:/Users/fred/.m2/repository/com/google/guava/guava/25.0-jre/guava-25.0-jre.jar:/Users/fred/.m2/repository/org/checkerframework/checker-compat-qual/2.0.0/checker-compat-qual-2.0.0.jar:/Users/fred/.m2/repository/com/google/errorprone/error_prone_annotations/2.1.3/error_prone_annotations-2.1.3.jar:/Users/fred/.m2/repository/com/google/j2objc/j2objc-annotations/1.1/j2objc-annotations-1.1.jar:/Users/fred/.m2/repository/org/codehaus/mojo/animal-sniffer-annotations/1.14/animal-sniffer-annotations-1.14.jar:/Users/fred/.m2/repository/io/micronaut/micronaut-inject/1.3.2/micronaut-inject-1.3.2.jar:/Users/fred/.m2/repository/javax/inject/javax.inject/1/javax.inject-1.jar:/Users/fred/.m2/repository/io/micronaut/micronaut-core/1.3.2/micronaut-core-1.3.2.jar:/Users/fred/.m2/repository/org/reactivestreams/reactive-streams/1.0.3/reactive-streams-1.0.3.jar:/Users/fred/.m2/repository/org/yaml/snakeyaml/1.24/snakeyaml-1.24.jar:/Users/fred/.m2/repository/io/micronaut/micronaut-validation/1.3.2/micronaut-validation-1.3.2.jar:/Users/fred/.m2/repository/io/micronaut/micronaut-http/1.3.2/micronaut-http-1.3.2.jar:/Users/fred/.m2/repository/javax/validation/validation-api/2.0.1.Final/validation-api-2.0.1.Final.jar:/Users/fred/.m2/repository/io/micronaut/micronaut-runtime/1.3.2/micronaut-runtime-1.3.2.jar:/Users/fred/.m2/repository/io/micronaut/micronaut-aop/1.3.2/micronaut-aop-1.3.2.jar:/Users/fred/.m2/repository/io/reactivex/rxjava2/rxjava/2.2.10/rxjava-2.2.10.jar:/Users/fred/.m2/repository/com/fasterxml/jackson/datatype/jackson-datatype-jdk8/2.10.1/jackson-datatype-jdk8-2.10.1.jar:/Users/fred/.m2/repository/com/fasterxml/jackson/datatype/jackson-datatype-jsr310/2.10.1/jackson-datatype-jsr310-2.10.1.jar:/Users/fred/.m2/repository/io/micronaut/micronaut-http-client/1.3.2/micronaut-http-client-1.3.2.jar:/Users/fred/.m2/repository/io/micronaut/micronaut-websocket/1.3.2/micronaut-websocket-1.3.2.jar:/Users/fred/.m2/repository/io/micronaut/micronaut-http-netty/1.3.2/micronaut-http-netty-1.3.2.jar:/Users/fred/.m2/repository/io/micronaut/micronaut-buffer-netty/1.3.2/micronaut-buffer-netty-1.3.2.jar:/Users/fred/.m2/repository/io/netty/netty-handler/4.1.45.Final/netty-handler-4.1.45.Final.jar:/Users/fred/.m2/repository/io/netty/netty-handler-proxy/4.1.45.Final/netty-handler-proxy-4.1.45.Final.jar:/Users/fred/.m2/repository/io/netty/netty-common/4.1.45.Final/netty-common-4.1.45.Final.jar:/Users/fred/.m2/repository/io/netty/netty-buffer/4.1.45.Final/netty-buffer-4.1.45.Final.jar:/Users/fred/.m2/repository/io/netty/netty-transport/4.1.45.Final/netty-transport-4.1.45.Final.jar:/Users/fred/.m2/repository/io/netty/netty-resolver/4.1.45.Final/netty-resolver-4.1.45.Final.jar:/Users/fred/.m2/repository/io/netty/netty-codec/4.1.45.Final/netty-codec-4.1.45.Final.jar:/Users/fred/.m2/repository/io/netty/netty-codec-socks/4.1.45.Final/netty-codec-socks-4.1.45.Final.jar:/Users/fred/.m2/repository/javax/annotation/javax.annotation-api/1.3.2/javax.annotation-api-1.3.2.jar:/Users/fred/.m2/repository/io/micronaut/micronaut-http-server-netty/1.3.2/micronaut-http-server-netty-1.3.2.jar:/Users/fred/.m2/repository/io/micronaut/micronaut-http-server/1.3.2/micronaut-http-server-1.3.2.jar:/Users/fred/.m2/repository/io/netty/netty-codec-http/4.1.45.Final/netty-codec-http-4.1.45.Final.jar:/Users/fred/.m2/repository/io/micronaut/micronaut-inject-java/1.3.2/micronaut-inject-java-1.3.2.jar:/Users/fred/.m2/repository/io/micronaut/micronaut-management/1.3.2/micronaut-management-1.3.2.jar:/Users/fred/.m2/repository/io/micronaut/micronaut-router/1.3.2/micronaut-router-1.3.2.jar:/Users/fred/.m2/repository/io/logz/log4j2/logzio-log4j2-appender/1.0.12/logzio-log4j2-appender-1.0.12.jar:/Users/fred/.m2/repository/io/micronaut/test/micronaut-test-junit5/1.1.2/micronaut-test-junit5-1.1.2.jar:/Users/fred/.m2/repository/io/micronaut/test/micronaut-test-core/1.1.2/micronaut-test-core-1.1.2.jar:/Users/fred/.m2/repository/com/rabbitmq/amqp-client/5.8.0/amqp-client-5.8.0.jar:/Users/fred/.m2/repository/com/fasterxml/jackson/core/jackson-databind/2.10.2/jackson-databind-2.10.2.jar:/Users/fred/.m2/repository/com/fasterxml/jackson/core/jackson-annotations/2.10.1/jackson-annotations-2.10.1.jar:/Users/fred/.m2/repository/com/fasterxml/jackson/core/jackson-core/2.10.1/jackson-core-2.10.1.jar:/Users/fred/.m2/repository/org/apache/logging/log4j/log4j-api/2.13.1/log4j-api-2.13.1.jar:/Users/fred/.m2/repository/org/apache/logging/log4j/log4j-core/2.13.1/log4j-core-2.13.1.jar:/Users/fred/.m2/repository/org/junit/jupiter/junit-jupiter-api/5.6.0/junit-jupiter-api-5.6.0.jar:/Users/fred/.m2/repository/org/apiguardian/apiguardian-api/1.1.0/apiguardian-api-1.1.0.jar:/Users/fred/.m2/repository/org/opentest4j/opentest4j/1.2.0/opentest4j-1.2.0.jar:/Users/fred/.m2/repository/org/junit/platform/junit-platform-commons/1.6.0/junit-platform-commons-1.6.0.jar:/Users/fred/.m2/repository/org/junit/jupiter/junit-jupiter-params/5.4.2/junit-jupiter-params-5.4.2.jar:/Users/fred/.m2/repository/org/junit/jupiter/junit-jupiter-engine/5.6.0/junit-jupiter-engine-5.6.0.jar:/Users/fred/.m2/repository/org/junit/platform/junit-platform-engine/1.6.0/junit-platform-engine-1.6.0.jar:/Users/fred/.m2/repository/org/assertj/assertj-core/3.15.0/assertj-core-3.15.0.jar:/Users/fred/.m2/repository/org/junit-pioneer/junit-pioneer/0.5.4/junit-pioneer-0.5.4.jar:/Users/fred/.m2/repository/nl/jqno/equalsverifier/equalsverifier/3.1.12/equalsverifier-3.1.12.jar:/Users/fred/.m2/repository/io/micronaut/configuration/micronaut-mongo-sync/2.0.1/micronaut-mongo-sync-2.0.1.jar:/Users/fred/.m2/repository/io/micronaut/configuration/micronaut-mongo-core/2.0.1/micronaut-mongo-core-2.0.1.jar:/Users/fred/.m2/repository/org/mongodb/mongodb-driver-core/4.0.2/mongodb-driver-core-4.0.2.jar:/Users/fred/.m2/repository/org/mongodb/mongodb-driver-sync/4.0.2/mongodb-driver-sync-4.0.2.jar:/Users/fred/.m2/repository/org/mongodb/bson/4.0.2/bson-4.0.2.jar:/Users/fred/.m2/repository/javax/json/javax.json-api/1.1.4/javax.json-api-1.1.4.jar:/Users/fred/.m2/repository/org/glassfish/javax.json/1.0.4/javax.json-1.0.4.jar:/Users/fred/.m2/repository/com/github/java-json-tools/json-schema-validator/2.2.12/json-schema-validator-2.2.12.jar:/Users/fred/.m2/repository/com/github/java-json-tools/json-schema-core/1.2.12/json-schema-core-1.2.12.jar:/Users/fred/.m2/repository/com/github/java-json-tools/jackson-coreutils/1.11/jackson-coreutils-1.11.jar:/Users/fred/.m2/repository/com/github/java-json-tools/msg-simple/1.2/msg-simple-1.2.jar:/Users/fred/.m2/repository/com/github/java-json-tools/btf/1.3/btf-1.3.jar:/Users/fred/.m2/repository/com/github/java-json-tools/uri-template/0.10/uri-template-0.10.jar:/Users/fred/.m2/repository/org/mozilla/rhino/1.7.7.2/rhino-1.7.7.2.jar:/Users/fred/.m2/repository/com/sun/mail/mailapi/1.6.1/mailapi-1.6.1.jar:/Users/fred/.m2/repository/javax/activation/activation/1.1/activation-1.1.jar:/Users/fred/.m2/repository/joda-time/joda-time/2.9.7/joda-time-2.9.7.jar:/Users/fred/.m2/repository/com/googlecode/libphonenumber/libphonenumber/8.10.22/libphonenumber-8.10.22.jar:/Users/fred/.m2/repository/com/google/code/findbugs/jsr305/3.0.2/jsr305-3.0.2.jar:/Users/fred/.m2/repository/net/sf/jopt-simple/jopt-simple/5.0.3/jopt-simple-5.0.3.jar:/Users/fred/.m2/repository/org/mockito/mockito-core/3.2.0/mockito-core-3.2.0.jar:/Users/fred/.m2/repository/net/bytebuddy/byte-buddy/1.10.3/byte-buddy-1.10.3.jar:/Users/fred/.m2/repository/net/bytebuddy/byte-buddy-agent/1.10.3/byte-buddy-agent-1.10.3.jar:/Users/fred/.m2/repository/org/objenesis/objenesis/2.6/objenesis-2.6.jar:/Users/fred/.m2/repository/org/testcontainers/testcontainers/1.14.1/testcontainers-1.14.1.jar:/Users/fred/.m2/repository/junit/junit/4.12/junit-4.12.jar:/Users/fred/.m2/repository/org/hamcrest/hamcrest-core/1.3/hamcrest-core-1.3.jar:/Users/fred/.m2/repository/org/jetbrains/annotations/17.0.0/annotations-17.0.0.jar:/Users/fred/.m2/repository/org/apache/commons/commons-compress/1.20/commons-compress-1.20.jar:/Users/fred/.m2/repository/org/rnorth/duct-tape/duct-tape/1.0.8/duct-tape-1.0.8.jar:/Users/fred/.m2/repository/org/rnorth/visible-assertions/visible-assertions/2.1.2/visible-assertions-2.1.2.jar:/Users/fred/.m2/repository/org/rnorth/tcp-unix-socket-proxy/1.0.2/tcp-unix-socket-proxy-1.0.2.jar:/Users/fred/.m2/repository/com/kohlschutter/junixsocket/junixsocket-native-common/2.0.4/junixsocket-native-common-2.0.4.jar:/Users/fred/.m2/repository/org/scijava/native-lib-loader/2.0.2/native-lib-loader-2.0.2.jar:/Users/fred/.m2/repository/com/kohlschutter/junixsocket/junixsocket-common/2.0.4/junixsocket-common-2.0.4.jar:/Users/fred/.m2/repository/net/java/dev/jna/jna-platform/5.5.0/jna-platform-5.5.0.jar:/Users/fred/.m2/repository/net/java/dev/jna/jna/5.3.1/jna-5.3.1.jar:/Users/fred/.m2/repository/org/testcontainers/junit-jupiter/1.14.1/junit-jupiter-1.14.1.jar:/Users/fred/.m2/repository/org/apache/maven/surefire/surefire-junit-platform/3.0.0-M4/surefire-junit-platform-3.0.0-M4.jar:/Users/fred/.m2/repository/org/apache/maven/surefire/common-java5/3.0.0-M4/common-java5-3.0.0-M4.jar:/Users/fred/.m2/repository/org/junit/platform/junit-platform-launcher/1.6.0/junit-platform-launcher-1.6.0.jar"/>
    <property name="java.vm.vendor" value="Oracle Corporation"/>
    <property name="sun.arch.data.model" value="64"/>
    <property name="java.vendor.url" value="https://openjdk.java.net/"/>
    <property name="user.timezone" value="Europe/Berlin"/>
    <property name="os.name" value="Mac OS X"/>
    <property name="java.vm.specification.version" value="13"/>
    <property name="sun.java.launcher" value="SUN_STANDARD"/>
    <property name="user.country" value="CH"/>
    <property name="sun.boot.library.path" value="/usr/local/Cellar/openjdk/13.0.2+8_2/libexec/openjdk.jdk/Contents/Home/lib"/>
    <property name="sun.java.command" value="org.apache.maven.surefire.booter.ForkedBooter /Users/fred/Projects/g03-customermanagement/target/surefire 2020-05-24T19-57-03_931-jvmRun1 surefire6722994104105437901tmp surefire_09811823604914874328tmp"/>
    <property name="http.nonProxyHosts" value="local|*.local|169.254/16|*.169.254/16"/>
    <property name="jdk.debug" value="release"/>
    <property name="surefire.test.class.path" value="/Users/fred/Projects/g03-customermanagement/target/test-classes:/Users/fred/Projects/g03-customermanagement/target/g03-customerservice-1.0.0-SNAPSHOT.jar:/Users/fred/.m2/repository/io/micronaut/configuration/micronaut-rabbitmq/1.1.3/micronaut-rabbitmq-1.1.3.jar:/Users/fred/.m2/repository/io/micronaut/micronaut-messaging/1.3.2/micronaut-messaging-1.3.2.jar:/Users/fred/.m2/repository/ch/qos/logback/logback-classic/1.2.3/logback-classic-1.2.3.jar:/Users/fred/.m2/repository/ch/qos/logback/logback-core/1.2.3/logback-core-1.2.3.jar:/Users/fred/.m2/repository/org/slf4j/slf4j-api/1.7.26/slf4j-api-1.7.26.jar:/Users/fred/.m2/repository/io/logz/logback/logzio-logback-appender/1.0.24/logzio-logback-appender-1.0.24.jar:/Users/fred/.m2/repository/io/logz/sender/logzio-sender/1.1.1/logzio-sender-1.1.1.jar:/Users/fred/.m2/repository/com/google/guava/guava/25.0-jre/guava-25.0-jre.jar:/Users/fred/.m2/repository/org/checkerframework/checker-compat-qual/2.0.0/checker-compat-qual-2.0.0.jar:/Users/fred/.m2/repository/com/google/errorprone/error_prone_annotations/2.1.3/error_prone_annotations-2.1.3.jar:/Users/fred/.m2/repository/com/google/j2objc/j2objc-annotations/1.1/j2objc-annotations-1.1.jar:/Users/fred/.m2/repository/org/codehaus/mojo/animal-sniffer-annotations/1.14/animal-sniffer-annotations-1.14.jar:/Users/fred/.m2/repository/io/micronaut/micronaut-inject/1.3.2/micronaut-inject-1.3.2.jar:/Users/fred/.m2/repository/javax/inject/javax.inject/1/javax.inject-1.jar:/Users/fred/.m2/repository/io/micronaut/micronaut-core/1.3.2/micronaut-core-1.3.2.jar:/Users/fred/.m2/repository/org/reactivestreams/reactive-streams/1.0.3/reactive-streams-1.0.3.jar:/Users/fred/.m2/repository/org/yaml/snakeyaml/1.24/snakeyaml-1.24.jar:/Users/fred/.m2/repository/io/micronaut/micronaut-validation/1.3.2/micronaut-validation-1.3.2.jar:/Users/fred/.m2/repository/io/micronaut/micronaut-http/1.3.2/micronaut-http-1.3.2.jar:/Users/fred/.m2/repository/javax/validation/validation-api/2.0.1.Final/validation-api-2.0.1.Final.jar:/Users/fred/.m2/repository/io/micronaut/micronaut-runtime/1.3.2/micronaut-runtime-1.3.2.jar:/Users/fred/.m2/repository/io/micronaut/micronaut-aop/1.3.2/micronaut-aop-1.3.2.jar:/Users/fred/.m2/repository/io/reactivex/rxjava2/rxjava/2.2.10/rxjava-2.2.10.jar:/Users/fred/.m2/repository/com/fasterxml/jackson/datatype/jackson-datatype-jdk8/2.10.1/jackson-datatype-jdk8-2.10.1.jar:/Users/fred/.m2/repository/com/fasterxml/jackson/datatype/jackson-datatype-jsr310/2.10.1/jackson-datatype-jsr310-2.10.1.jar:/Users/fred/.m2/repository/io/micronaut/micronaut-http-client/1.3.2/micronaut-http-client-1.3.2.jar:/Users/fred/.m2/repository/io/micronaut/micronaut-websocket/1.3.2/micronaut-websocket-1.3.2.jar:/Users/fred/.m2/repository/io/micronaut/micronaut-http-netty/1.3.2/micronaut-http-netty-1.3.2.jar:/Users/fred/.m2/repository/io/micronaut/micronaut-buffer-netty/1.3.2/micronaut-buffer-netty-1.3.2.jar:/Users/fred/.m2/repository/io/netty/netty-handler/4.1.45.Final/netty-handler-4.1.45.Final.jar:/Users/fred/.m2/repository/io/netty/netty-handler-proxy/4.1.45.Final/netty-handler-proxy-4.1.45.Final.jar:/Users/fred/.m2/repository/io/netty/netty-common/4.1.45.Final/netty-common-4.1.45.Final.jar:/Users/fred/.m2/repository/io/netty/netty-buffer/4.1.45.Final/netty-buffer-4.1.45.Final.jar:/Users/fred/.m2/repository/io/netty/netty-transport/4.1.45.Final/netty-transport-4.1.45.Final.jar:/Users/fred/.m2/repository/io/netty/netty-resolver/4.1.45.Final/netty-resolver-4.1.45.Final.jar:/Users/fred/.m2/repository/io/netty/netty-codec/4.1.45.Final/netty-codec-4.1.45.Final.jar:/Users/fred/.m2/repository/io/netty/netty-codec-socks/4.1.45.Final/netty-codec-socks-4.1.45.Final.jar:/Users/fred/.m2/repository/javax/annotation/javax.annotation-api/1.3.2/javax.annotation-api-1.3.2.jar:/Users/fred/.m2/repository/io/micronaut/micronaut-http-server-netty/1.3.2/micronaut-http-server-netty-1.3.2.jar:/Users/fred/.m2/repository/io/micronaut/micronaut-http-server/1.3.2/micronaut-http-server-1.3.2.jar:/Users/fred/.m2/repository/io/netty/netty-codec-http/4.1.45.Final/netty-codec-http-4.1.45.Final.jar:/Users/fred/.m2/repository/io/micronaut/micronaut-inject-java/1.3.2/micronaut-inject-java-1.3.2.jar:/Users/fred/.m2/repository/io/micronaut/micronaut-management/1.3.2/micronaut-management-1.3.2.jar:/Users/fred/.m2/repository/io/micronaut/micronaut-router/1.3.2/micronaut-router-1.3.2.jar:/Users/fred/.m2/repository/io/logz/log4j2/logzio-log4j2-appender/1.0.12/logzio-log4j2-appender-1.0.12.jar:/Users/fred/.m2/repository/io/micronaut/test/micronaut-test-junit5/1.1.2/micronaut-test-junit5-1.1.2.jar:/Users/fred/.m2/repository/io/micronaut/test/micronaut-test-core/1.1.2/micronaut-test-core-1.1.2.jar:/Users/fred/.m2/repository/com/rabbitmq/amqp-client/5.8.0/amqp-client-5.8.0.jar:/Users/fred/.m2/repository/com/fasterxml/jackson/core/jackson-databind/2.10.2/jackson-databind-2.10.2.jar:/Users/fred/.m2/repository/com/fasterxml/jackson/core/jackson-annotations/2.10.1/jackson-annotations-2.10.1.jar:/Users/fred/.m2/repository/com/fasterxml/jackson/core/jackson-core/2.10.1/jackson-core-2.10.1.jar:/Users/fred/.m2/repository/org/apache/logging/log4j/log4j-api/2.13.1/log4j-api-2.13.1.jar:/Users/fred/.m2/repository/org/apache/logging/log4j/log4j-core/2.13.1/log4j-core-2.13.1.jar:/Users/fred/.m2/repository/org/junit/jupiter/junit-jupiter-api/5.6.0/junit-jupiter-api-5.6.0.jar:/Users/fred/.m2/repository/org/apiguardian/apiguardian-api/1.1.0/apiguardian-api-1.1.0.jar:/Users/fred/.m2/repository/org/opentest4j/opentest4j/1.2.0/opentest4j-1.2.0.jar:/Users/fred/.m2/repository/org/junit/platform/junit-platform-commons/1.6.0/junit-platform-commons-1.6.0.jar:/Users/fred/.m2/repository/org/junit/jupiter/junit-jupiter-params/5.4.2/junit-jupiter-params-5.4.2.jar:/Users/fred/.m2/repository/org/junit/jupiter/junit-jupiter-engine/5.6.0/junit-jupiter-engine-5.6.0.jar:/Users/fred/.m2/repository/org/junit/platform/junit-platform-engine/1.6.0/junit-platform-engine-1.6.0.jar:/Users/fred/.m2/repository/org/assertj/assertj-core/3.15.0/assertj-core-3.15.0.jar:/Users/fred/.m2/repository/org/junit-pioneer/junit-pioneer/0.5.4/junit-pioneer-0.5.4.jar:/Users/fred/.m2/repository/nl/jqno/equalsverifier/equalsverifier/3.1.12/equalsverifier-3.1.12.jar:/Users/fred/.m2/repository/io/micronaut/configuration/micronaut-mongo-sync/2.0.1/micronaut-mongo-sync-2.0.1.jar:/Users/fred/.m2/repository/io/micronaut/configuration/micronaut-mongo-core/2.0.1/micronaut-mongo-core-2.0.1.jar:/Users/fred/.m2/repository/org/mongodb/mongodb-driver-core/4.0.2/mongodb-driver-core-4.0.2.jar:/Users/fred/.m2/repository/org/mongodb/mongodb-driver-sync/4.0.2/mongodb-driver-sync-4.0.2.jar:/Users/fred/.m2/repository/org/mongodb/bson/4.0.2/bson-4.0.2.jar:/Users/fred/.m2/repository/javax/json/javax.json-api/1.1.4/javax.json-api-1.1.4.jar:/Users/fred/.m2/repository/org/glassfish/javax.json/1.0.4/javax.json-1.0.4.jar:/Users/fred/.m2/repository/com/github/java-json-tools/json-schema-validator/2.2.12/json-schema-validator-2.2.12.jar:/Users/fred/.m2/repository/com/github/java-json-tools/json-schema-core/1.2.12/json-schema-core-1.2.12.jar:/Users/fred/.m2/repository/com/github/java-json-tools/jackson-coreutils/1.11/jackson-coreutils-1.11.jar:/Users/fred/.m2/repository/com/github/java-json-tools/msg-simple/1.2/msg-simple-1.2.jar:/Users/fred/.m2/repository/com/github/java-json-tools/btf/1.3/btf-1.3.jar:/Users/fred/.m2/repository/com/github/java-json-tools/uri-template/0.10/uri-template-0.10.jar:/Users/fred/.m2/repository/org/mozilla/rhino/1.7.7.2/rhino-1.7.7.2.jar:/Users/fred/.m2/repository/com/sun/mail/mailapi/1.6.1/mailapi-1.6.1.jar:/Users/fred/.m2/repository/javax/activation/activation/1.1/activation-1.1.jar:/Users/fred/.m2/repository/joda-time/joda-time/2.9.7/joda-time-2.9.7.jar:/Users/fred/.m2/repository/com/googlecode/libphonenumber/libphonenumber/8.10.22/libphonenumber-8.10.22.jar:/Users/fred/.m2/repository/com/google/code/findbugs/jsr305/3.0.2/jsr305-3.0.2.jar:/Users/fred/.m2/repository/net/sf/jopt-simple/jopt-simple/5.0.3/jopt-simple-5.0.3.jar:/Users/fred/.m2/repository/org/mockito/mockito-core/3.2.0/mockito-core-3.2.0.jar:/Users/fred/.m2/repository/net/bytebuddy/byte-buddy/1.10.3/byte-buddy-1.10.3.jar:/Users/fred/.m2/repository/net/bytebuddy/byte-buddy-agent/1.10.3/byte-buddy-agent-1.10.3.jar:/Users/fred/.m2/repository/org/objenesis/objenesis/2.6/objenesis-2.6.jar:/Users/fred/.m2/repository/org/testcontainers/testcontainers/1.14.1/testcontainers-1.14.1.jar:/Users/fred/.m2/repository/junit/junit/4.12/junit-4.12.jar:/Users/fred/.m2/repository/org/hamcrest/hamcrest-core/1.3/hamcrest-core-1.3.jar:/Users/fred/.m2/repository/org/jetbrains/annotations/17.0.0/annotations-17.0.0.jar:/Users/fred/.m2/repository/org/apache/commons/commons-compress/1.20/commons-compress-1.20.jar:/Users/fred/.m2/repository/org/rnorth/duct-tape/duct-tape/1.0.8/duct-tape-1.0.8.jar:/Users/fred/.m2/repository/org/rnorth/visible-assertions/visible-assertions/2.1.2/visible-assertions-2.1.2.jar:/Users/fred/.m2/repository/org/rnorth/tcp-unix-socket-proxy/1.0.2/tcp-unix-socket-proxy-1.0.2.jar:/Users/fred/.m2/repository/com/kohlschutter/junixsocket/junixsocket-native-common/2.0.4/junixsocket-native-common-2.0.4.jar:/Users/fred/.m2/repository/org/scijava/native-lib-loader/2.0.2/native-lib-loader-2.0.2.jar:/Users/fred/.m2/repository/com/kohlschutter/junixsocket/junixsocket-common/2.0.4/junixsocket-common-2.0.4.jar:/Users/fred/.m2/repository/net/java/dev/jna/jna-platform/5.5.0/jna-platform-5.5.0.jar:/Users/fred/.m2/repository/net/java/dev/jna/jna/5.3.1/jna-5.3.1.jar:/Users/fred/.m2/repository/org/testcontainers/junit-jupiter/1.14.1/junit-jupiter-1.14.1.jar:"/>
    <property name="sun.cpu.endian" value="little"/>
    <property name="user.home" value="/Users/fred"/>
    <property name="user.language" value="de"/>
    <property name="java.specification.vendor" value="Oracle Corporation"/>
    <property name="java.version.date" value="2020-01-14"/>
    <property name="java.home" value="/usr/local/Cellar/openjdk/13.0.2+8_2/libexec/openjdk.jdk/Contents/Home"/>
    <property name="org.testcontainers.shaded.io.netty.packagePrefix" value="org.testcontainers.shaded."/>
    <property name="file.separator" value="/"/>
    <property name="basedir" value="/Users/fred/Projects/g03-customermanagement"/>
    <property name="java.vm.compressedOopsMode" value="Zero based"/>
    <property name="line.separator" value="&#10;"/>
    <property name="java.vm.specification.vendor" value="Oracle Corporation"/>
    <property name="java.specification.name" value="Java Platform API Specification"/>
    <property name="sun.management.compiler" value="HotSpot 64-Bit Tiered Compilers"/>
    <property name="ftp.nonProxyHosts" value="local|*.local|169.254/16|*.169.254/16"/>
    <property name="java.runtime.version" value="13.0.2+8"/>
    <property name="user.name" value="fred"/>
    <property name="path.separator" value=":"/>
    <property name="os.version" value="10.15.4"/>
    <property name="java.runtime.name" value="OpenJDK Runtime Environment"/>
    <property name="file.encoding" value="UTF-8"/>
    <property name="jnidispatch.path" value="/Users/fred/Library/Caches/JNA/temp/jna17963560551334372693.tmp"/>
    <property name="deployAtEnd" value="true"/>
    <property name="java.vm.name" value="OpenJDK 64-Bit Server VM"/>
    <property name="jna.platform.library.path" value="/usr/lib:/usr/lib"/>
    <property name="localRepository" value="/Users/fred/.m2/repository"/>
    <property name="jna.loaded" value="true"/>
    <property name="java.vendor.url.bug" value="https://bugreport.java.com/bugreport/"/>
    <property name="java.io.tmpdir" value="/var/folders/2r/j1hjcvk97rx5l8yzlf58g6yw0000gn/T/"/>
    <property name="installAtEnd" value="true"/>
    <property name="java.version" value="13.0.2"/>
    <property name="user.dir" value="/Users/fred/Projects/g03-customermanagement"/>
    <property name="os.arch" value="x86_64"/>
    <property name="java.vm.specification.name" value="Java Virtual Machine Specification"/>
    <property name="java.library.path" value="/Users/fred/Library/Java/Extensions:/Library/Java/Extensions:/Network/Library/Java/Extensions:/System/Library/Java/Extensions:/usr/lib/java:."/>
    <property name="java.vm.info" value="mixed mode, sharing"/>
    <property name="java.vendor" value="N/A"/>
    <property name="java.vm.version" value="13.0.2+8"/>
    <property name="sun.io.unicode.encoding" value="UnicodeBig"/>
    <property name="socksNonProxyHosts" value="local|*.local|169.254/16|*.169.254/16"/>
    <property name="java.class.version" value="57.0"/>
  </properties>
</testsuite>